File: \AccessibleMarshal.dll
File: \application.ini
File: \blocklist.xml
File: \chrome.manifest
File: \crashreporter-override.ini
File: \crashreporter.exe
File: \crashreporter.ini
File: \D3DCompiler_43.dll
File: \d3dx9_43.dll
File: \dependentlibs.list
File: \firefox.exe
File: \freebl3.chk
File: \freebl3.dll
File: \libEGL.dll
File: \libGLESv2.dll
File: \mozalloc.dll
File: \mozcpp19.dll
File: \mozcrt19.dll
File: \mozjs.dll
File: \mozsqlite3.dll
File: \nspr4.dll
File: \nss3.dll
File: \nssckbi.dll
File: \nssdbm3.chk
File: \nssdbm3.dll
File: \nssutil3.dll
File: \omni.jar
File: \platform.ini
File: \plc4.dll
File: \plds4.dll
File: \plugin-container.exe
File: \precomplete
File: \README.txt
File: \removed-files
File: \smime3.dll
File: \softokn3.chk
File: \softokn3.dll
File: \ssl3.dll
File: \update.locale
File: \updater.exe
File: \updater.ini
File: \xpcom.dll
File: \xul.dll
File: \uninstall\helper.exe
File: \searchplugins\amazondotcom.xml
File: \searchplugins\bing.xml
File: \searchplugins\eBay.xml
File: \searchplugins\google.xml
File: \searchplugins\wikipedia.xml
File: \searchplugins\yahoo.xml
File: \hyphenation\hyph_en_US.dic
File: \extensions\{972ce4c6-7e08-4474-a285-3208198ce6fd}\icon.png
File: \extensions\{972ce4c6-7e08-4474-a285-3208198ce6fd}\install.rdf
File: \extensions\{972ce4c6-7e08-4474-a285-3208198ce6fd}\preview.png
File: \dictionaries\en-US.aff
File: \dictionaries\en-US.dic
File: \defaults\pref\channel-prefs.js
File: \components\binary.manifest
File: \components\browsercomps.dll
DLLReg: \AccessibleMarshal.dll
File: \components\compreg.dat
File: \components\xpti.dat
File: \active-update.xml
File: \install.log
File: \install_status.log
File: \install_wizard.log
File: \updates.xml
File: \searchplugins\twitter.xml
File: \hyphenation\hyph_uk.dic
File: \hyphenation\hyph_sv.dic
File: \hyphenation\hyph_sl.dic
File: \hyphenation\hyph_sh.dic
File: \hyphenation\hyph_ru.dic
File: \hyphenation\hyph_pt.dic
File: \hyphenation\hyph_nn.dic
File: \hyphenation\hyph_nl.dic
File: \hyphenation\hyph_nb.dic
File: \hyphenation\hyph_mn.dic
File: \hyphenation\hyph_lt.dic
File: \hyphenation\hyph_la.dic
File: \hyphenation\hyph_kmr.dic
File: \hyphenation\hyph_is.dic
File: \hyphenation\hyph_ia.dic
File: \hyphenation\hyph_hsb.dic
File: \hyphenation\hyph_hr.dic
File: \hyphenation\hyph_gl.dic
File: \hyphenation\hyph_fr.dic
File: \hyphenation\hyph_fi.dic
File: \hyphenation\hyph_et.dic
File: \hyphenation\hyph_es.dic
File: \hyphenation\hyph_eo.dic
File: \hyphenation\hyph_de-CH.dic
File: \hyphenation\hyph_de-1996.dic
File: \hyphenation\hyph_de-1901.dic
File: \hyphenation\hyph_da.dic
File: \hyphenation\hyph_cy.dic
File: \hyphenation\hyph_ca.dic
File: \hyphenation\hyph_bg.dic
File: \hyphenation\hyph_af.dic
