File: \AccessibleMarshal.dll
File: \application.ini
File: \blocklist.xml
File: \chrome.manifest
File: \crashreporter-override.ini
File: \crashreporter.exe
File: \crashreporter.ini
File: \D3DCompiler_43.dll
File: \d3dx9_43.dll
File: \dependentlibs.list
File: \firefox.exe
File: \freebl3.chk
File: \freebl3.dll
File: \libEGL.dll
File: \libGLESv2.dll
File: \Microsoft.VC80.CRT.manifest
File: \mozalloc.dll
File: \mozjs.dll
File: \mozsqlite3.dll
File: \mozutils.dll
File: \msvcm80.dll
File: \msvcp80.dll
File: \msvcr80.dll
File: \nspr4.dll
File: \nss3.dll
File: \nssckbi.dll
File: \nssdbm3.chk
File: \nssdbm3.dll
File: \nssutil3.dll
File: \omni.ja
File: \platform.ini
File: \plc4.dll
File: \plds4.dll
File: \plugin-container.exe
File: \precomplete
File: \removed-files
File: \smime3.dll
File: \softokn3.chk
File: \softokn3.dll
File: \ssl3.dll
File: \update.locale
File: \updater.exe
File: \updater.ini
File: \xpcom.dll
File: \xul.dll
File: \uninstall\helper.exe
File: \searchplugins\amazondotcom.xml
File: \searchplugins\bing.xml
File: \searchplugins\eBay.xml
File: \searchplugins\google.xml
File: \searchplugins\twitter.xml
File: \searchplugins\wikipedia.xml
File: \searchplugins\yahoo.xml
File: \extensions\{972ce4c6-7e08-4474-a285-3208198ce6fd}\icon.png
File: \extensions\{972ce4c6-7e08-4474-a285-3208198ce6fd}\install.rdf
File: \extensions\{972ce4c6-7e08-4474-a285-3208198ce6fd}\preview.png
File: \dictionaries\en-US.aff
File: \dictionaries\en-US.dic
File: \defaults\pref\channel-prefs.js
File: \components\binary.manifest
File: \components\browsercomps.dll
DLLReg: \AccessibleMarshal.dll
File: \components\compreg.dat
File: \components\xpti.dat
File: \active-update.xml
File: \install.log
File: \install_status.log
File: \install_wizard.log
File: \updates.xml
File: \mozglue.dll
File: \gkmedias.dll
File: \update-settings.ini
File: \maintenanceservice_installer.exe
File: \maintenanceservice.exe
File: \msvcr100.dll
File: \msvcp100.dll
